TN:
SF:src/App.tsx
FN:12,App
FN:15,(anonymous_2)
FNF:2
FNH:0
FNDA:0,App
FNDA:0,(anonymous_2)
DA:1,0
DA:2,0
DA:3,0
DA:6,0
DA:7,0
DA:8,0
DA:9,0
DA:10,0
DA:13,0
DA:15,0
DA:16,0
DA:19,0
DA:63,0
LF:13
LH:0
BRF:0
BRH:0
end_of_record
TN:
SF:src/First.tsx
FN:3,(anonymous_1)
FNF:1
FNH:0
FNDA:0,(anonymous_1)
DA:1,0
DA:3,0
DA:4,0
DA:9,0
LF:4
LH:0
BRF:0
BRH:0
end_of_record
TN:
SF:src/main.tsx
FNF:0
FNH:0
DA:1,0
DA:2,0
DA:4,0
LF:3
LH:0
BRF:0
BRH:0
end_of_record
TN:
SF:src/components/1Simple/SimplePost.tsx
FN:1,SimplePost
FN:6,renderLikes
FN:12,(anonymous_2)
FNF:3
FNH:0
FNDA:0,SimplePost
FNDA:0,renderLikes
FNDA:0,(anonymous_2)
DA:1,0
DA:7,0
DA:8,0
DA:13,0
DA:21,0
LF:5
LH:0
BRDA:7,0,0,0
BRDA:7,0,1,0
BRF:2
BRH:0
end_of_record
TN:
SF:src/components/2Hooks/UseArray.tsx
FN:3,useArray
FN:6,push
FN:7,(anonymous_2)
FN:10,filter
FN:12,(anonymous_4)
FN:15,update
FN:16,(anonymous_6)
FN:23,remove
FN:24,(anonymous_8)
FN:27,clear
FNF:10
FNH:0
FNDA:0,useArray
FNDA:0,push
FNDA:0,(anonymous_2)
FNDA:0,filter
FNDA:0,(anonymous_4)
FNDA:0,update
FNDA:0,(anonymous_6)
FNDA:0,remove
FNDA:0,(anonymous_8)
FNDA:0,clear
DA:1,0
DA:3,0
DA:4,0
DA:7,0
DA:11,0
DA:12,0
DA:16,0
DA:24,0
DA:28,0
DA:31,0
LF:10
LH:0
BRF:0
BRH:0
end_of_record
TN:
SF:src/components/2Hooks/UseArrayExample.tsx
FN:3,UseArrayExample
FN:11,(anonymous_1)
FN:12,(anonymous_2)
FN:13,(anonymous_3)
FN:14,(anonymous_4)
FN:14,(anonymous_5)
FN:17,(anonymous_6)
FNF:7
FNH:0
FNDA:0,UseArrayExample
FNDA:0,(anonymous_1)
FNDA:0,(anonymous_2)
FNDA:0,(anonymous_3)
FNDA:0,(anonymous_4)
FNDA:0,(anonymous_5)
FNDA:0,(anonymous_6)
DA:1,0
DA:3,0
DA:4,0
DA:8,0
DA:11,0
DA:12,0
DA:13,0
DA:14,0
DA:17,0
LF:9
LH:0
BRF:0
BRH:0
end_of_record
TN:
SF:src/components/3UserInteraction/PostWithComments.tsx
FN:9,PostWithComment
FN:26,(anonymous_1)
FN:29,(anonymous_2)
FN:38,(anonymous_3)
FNF:4
FNH:0
FNDA:0,PostWithComment
FNDA:0,(anonymous_1)
FNDA:0,(anonymous_2)
FNDA:0,(anonymous_3)
DA:1,0
DA:7,0
DA:9,0
DA:14,0
DA:15,0
DA:17,0
DA:26,0
DA:30,0
DA:33,0
DA:39,0
LF:10
LH:0
BRF:0
BRH:0
end_of_record
TN:
SF:src/components/4Errors/ShoppingList1.tsx
FN:3,ShoppingList1
FN:15,(anonymous_1)
FN:17,handleItemChecked
FN:18,(anonymous_3)
FN:19,(anonymous_4)
FN:32,(anonymous_5)
FN:38,(anonymous_6)
FNF:7
FNH:0
FNDA:0,ShoppingList1
FNDA:0,(anonymous_1)
FNDA:0,handleItemChecked
FNDA:0,(anonymous_3)
FNDA:0,(anonymous_4)
FNDA:0,(anonymous_5)
FNDA:0,(anonymous_6)
DA:1,0
DA:3,0
DA:8,0
DA:9,0
DA:10,0
DA:12,0
DA:15,0
DA:18,0
DA:19,0
DA:20,0
DA:21,0
DA:23,0
DA:26,0
DA:29,0
DA:33,0
DA:38,0
LF:16
LH:0
BRDA:9,0,0,0
BRDA:9,0,1,0
BRDA:20,1,0,0
BRDA:20,1,1,0
BRDA:35,2,0,0
BRDA:35,2,1,0
BRF:6
BRH:0
end_of_record
TN:
SF:src/components/4Errors/ShoppingList2.tsx
FN:3,ShoppingList2
FN:10,(anonymous_1)
FN:17,handleItemChecked
FN:18,(anonymous_3)
FN:19,(anonymous_4)
FN:32,(anonymous_5)
FN:38,(anonymous_6)
FNF:7
FNH:0
FNDA:0,ShoppingList2
FNDA:0,(anonymous_1)
FNDA:0,handleItemChecked
FNDA:0,(anonymous_3)
FNDA:0,(anonymous_4)
FNDA:0,(anonymous_5)
FNDA:0,(anonymous_6)
DA:1,0
DA:3,0
DA:7,0
DA:10,0
DA:12,0
DA:13,0
DA:14,0
DA:18,0
DA:19,0
DA:20,0
DA:21,0
DA:23,0
DA:26,0
DA:29,0
DA:33,0
DA:38,0
LF:16
LH:0
BRDA:13,0,0,0
BRDA:13,0,1,0
BRDA:20,1,0,0
BRDA:20,1,1,0
BRDA:35,2,0,0
BRDA:35,2,1,0
BRF:6
BRH:0
end_of_record
TN:
SF:src/components/5Doubles/1Spies/ShoppingList.tsx
FN:3,ShoppingList
FN:11,(anonymous_1)
FN:19,handleItemChecked
FN:20,(anonymous_3)
FN:21,(anonymous_4)
FN:34,(anonymous_5)
FN:40,(anonymous_6)
FNF:7
FNH:0
FNDA:0,ShoppingList
FNDA:0,(anonymous_1)
FNDA:0,handleItemChecked
FNDA:0,(anonymous_3)
FNDA:0,(anonymous_4)
FNDA:0,(anonymous_5)
FNDA:0,(anonymous_6)
DA:1,0
DA:3,0
DA:8,0
DA:11,0
DA:14,0
DA:15,0
DA:16,0
DA:20,0
DA:21,0
DA:22,0
DA:23,0
DA:25,0
DA:28,0
DA:31,0
DA:35,0
DA:40,0
LF:16
LH:0
BRDA:15,0,0,0
BRDA:15,0,1,0
BRDA:22,1,0,0
BRDA:22,1,1,0
BRDA:37,2,0,0
BRDA:37,2,1,0
BRF:6
BRH:0
end_of_record
TN:
SF:src/components/5Doubles/1Spies/Utils.ts
FN:1,onItemSelect
FN:5,onItemSelectWithTime
FNF:2
FNH:0
FNDA:0,onItemSelect
FNDA:0,onItemSelectWithTime
DA:1,0
DA:5,0
DA:6,0
LF:3
LH:0
BRF:0
BRH:0
end_of_record
TN:
SF:src/components/5Doubles/2SimpleMocks/DataService.ts
FN:3,getCommentsForPost
FNF:1
FNH:0
FNDA:0,getCommentsForPost
DA:3,0
DA:4,0
DA:5,0
DA:6,0
DA:9,0
DA:12,0
LF:6
LH:0
BRF:0
BRH:0
end_of_record
TN:
SF:src/components/5Doubles/2SimpleMocks/Post.tsx
FN:7,Post
FN:16,(anonymous_1)
FN:17,(anonymous_2)
FN:33,(anonymous_3)
FN:36,(anonymous_4)
FN:45,(anonymous_5)
FNF:6
FNH:0
FNDA:0,Post
FNDA:0,(anonymous_1)
FNDA:0,(anonymous_2)
FNDA:0,(anonymous_3)
FNDA:0,(anonymous_4)
FNDA:0,(anonymous_5)
DA:1,0
DA:2,0
DA:5,0
DA:7,0
DA:13,0
DA:14,0
DA:16,0
DA:17,0
DA:18,0
DA:19,0
DA:21,0
DA:24,0
DA:33,0
DA:37,0
DA:40,0
DA:46,0
LF:16
LH:0
BRF:0
BRH:0
end_of_record
TN:
SF:src/components/5Doubles/3MockSpies/DataService.ts
FN:3,getCommentsForPost
FNF:1
FNH:0
FNDA:0,getCommentsForPost
DA:3,0
DA:4,0
DA:5,0
DA:6,0
DA:9,0
DA:12,0
LF:6
LH:0
BRF:0
BRH:0
end_of_record
TN:
SF:src/components/5Doubles/3MockSpies/Post.tsx
FN:7,Post
FN:16,(anonymous_1)
FN:17,(anonymous_2)
FN:33,(anonymous_3)
FN:36,(anonymous_4)
FN:45,(anonymous_5)
FNF:6
FNH:0
FNDA:0,Post
FNDA:0,(anonymous_1)
FNDA:0,(anonymous_2)
FNDA:0,(anonymous_3)
FNDA:0,(anonymous_4)
FNDA:0,(anonymous_5)
DA:1,0
DA:2,0
DA:5,0
DA:7,0
DA:13,0
DA:14,0
DA:16,0
DA:17,0
DA:18,0
DA:19,0
DA:21,0
DA:24,0
DA:33,0
DA:37,0
DA:40,0
DA:46,0
LF:16
LH:0
BRF:0
BRH:0
end_of_record
TN:
SF:src/components/5Doubles/4Axios/DataService.ts
FN:6,getCommentsForPostWithAxios
FNF:1
FNH:0
FNDA:0,getCommentsForPostWithAxios
DA:1,0
DA:4,0
DA:6,0
DA:8,0
DA:13,0
LF:5
LH:0
BRF:0
BRH:0
end_of_record
TN:
SF:src/components/5Doubles/4Axios/Post.tsx
FN:7,Post
FN:17,(anonymous_1)
FN:18,(anonymous_2)
FN:40,(anonymous_3)
FN:44,(anonymous_4)
FN:54,(anonymous_5)
FNF:6
FNH:0
FNDA:0,Post
FNDA:0,(anonymous_1)
FNDA:0,(anonymous_2)
FNDA:0,(anonymous_3)
FNDA:0,(anonymous_4)
FNDA:0,(anonymous_5)
DA:1,0
DA:2,0
DA:5,0
DA:7,0
DA:13,0
DA:14,0
DA:15,0
DA:17,0
DA:18,0
DA:19,0
DA:20,0
DA:21,0
DA:23,0
DA:24,0
DA:27,0
DA:30,0
DA:40,0
DA:45,0
DA:48,0
DA:55,0
LF:20
LH:0
BRF:0
BRH:0
end_of_record
TN:
SF:src/components/5Doubles/5msw/DataService.ts
FN:6,getCommentsForPostWithAxios
FNF:1
FNH:0
FNDA:0,getCommentsForPostWithAxios
DA:1,0
DA:4,0
DA:6,0
DA:8,0
DA:13,0
LF:5
LH:0
BRF:0
BRH:0
end_of_record
TN:
SF:src/components/5Doubles/5msw/Post.tsx
FN:7,Post
FN:17,(anonymous_1)
FN:18,(anonymous_2)
FN:40,(anonymous_3)
FN:44,(anonymous_4)
FN:54,(anonymous_5)
FNF:6
FNH:0
FNDA:0,Post
FNDA:0,(anonymous_1)
FNDA:0,(anonymous_2)
FNDA:0,(anonymous_3)
FNDA:0,(anonymous_4)
FNDA:0,(anonymous_5)
DA:1,0
DA:2,0
DA:5,0
DA:7,0
DA:13,0
DA:14,0
DA:15,0
DA:17,0
DA:18,0
DA:19,0
DA:20,0
DA:21,0
DA:23,0
DA:24,0
DA:27,0
DA:30,0
DA:40,0
DA:45,0
DA:48,0
DA:55,0
LF:20
LH:0
BRF:0
BRH:0
end_of_record
TN:
SF:src/components/6Router/AppWithRoutes.tsx
FN:4,AppWithRoutes
FNF:1
FNH:0
FNDA:0,AppWithRoutes
DA:1,0
DA:2,0
DA:4,0
DA:6,0
DA:8,0
LF:5
LH:0
BRF:0
BRH:0
end_of_record
TN:
SF:src/components/6Router/RoutesConfig.tsx
FNF:0
FNH:0
DA:1,0
DA:2,0
DA:3,0
DA:4,0
DA:5,0
DA:6,0
DA:7,0
DA:9,0
LF:8
LH:0
BRF:0
BRH:0
end_of_record
TN:
SF:src/components/6Router/Routes/About.tsx
FN:1,About
FNF:1
FNH:0
FNDA:0,About
DA:1,0
DA:2,0
LF:2
LH:0
BRF:0
BRH:0
end_of_record
TN:
SF:src/components/6Router/Routes/Home.tsx
FN:1,Home
FNF:1
FNH:0
FNDA:0,Home
DA:1,0
DA:2,0
LF:2
LH:0
BRF:0
BRH:0
end_of_record
TN:
SF:src/components/6Router/Routes/Navbar.tsx
FN:3,NavBar
FNF:1
FNH:0
FNDA:0,NavBar
DA:1,0
DA:3,0
DA:5,0
LF:3
LH:0
BRF:0
BRH:0
end_of_record
TN:
SF:src/components/6Router/Routes/PageNotFound.tsx
FN:1,PageNotFound
FNF:1
FNH:0
FNDA:0,PageNotFound
DA:1,0
DA:2,0
LF:2
LH:0
BRF:0
BRH:0
end_of_record
TN:
SF:src/components/6Router/Routes/Post.tsx
FN:3,Post
FNF:1
FNH:0
FNDA:0,Post
DA:1,0
DA:3,0
DA:5,0
DA:7,0
LF:4
LH:0
BRF:0
BRH:0
end_of_record
TN:
SF:src/components/6Router/Routes/Posts.tsx
FN:3,Posts
FNF:1
FNH:0
FNDA:0,Posts
DA:1,0
DA:3,0
DA:5,0
LF:3
LH:0
BRF:0
BRH:0
end_of_record
TN:
SF:src/components/7Snapshots/SimplePost.tsx
FN:1,SimplePost
FN:6,renderLikes
FN:12,(anonymous_2)
FNF:3
FNH:2
FNDA:1,SimplePost
FNDA:1,renderLikes
FNDA:0,(anonymous_2)
DA:1,1
DA:7,1
DA:8,0
DA:13,0
DA:21,1
LF:5
LH:3
BRDA:7,0,0,0
BRDA:7,0,1,1
BRF:2
BRH:1
end_of_record
